<?xml version="1.0" encoding="UTF-8"?>
<testng-results ignored="0" total="1" passed="1" failed="0" skipped="0">
  <reporter-output>
  </reporter-output>
  <suite started-at="2024-03-26T07:39:12Z" name="Default suite" finished-at="2024-03-26T07:39:12Z" duration-ms="143">
    <groups>
    </groups>
    <test started-at="2024-03-26T07:39:12Z" name="Default test" finished-at="2024-03-26T07:39:12Z" duration-ms="143">
      <class name="day1">
        <test-method signature="Demo()[pri:0, instance:day1@66c61024]" started-at="2024-03-26T07:39:12Z" name="Demo" finished-at="2024-03-26T07:39:12Z" duration-ms="42" status="PASS">
          <reporter-output>
          </reporter-output>
        </test-method> <!-- Demo -->
      </class> <!-- day1 -->
    </test> <!-- Default test -->
  </suite> <!-- Default suite -->
</testng-results>
